#
# There is insufficient memory for the Java Runtime Environment to continue.
# Native memory allocation (malloc) failed to allocate 65552 bytes for Chunk::new
# Possible reasons:
#   The system is out of physical RAM or swap space
#   The process is running with CompressedOops enabled, and the Java Heap may be blocking the growth of the native heap
# Possible solutions:
#   Reduce memory load on the system
#   Increase physical memory or swap space
#   Check if swap backing store is full
#   Decrease Java heap size (-Xmx/-Xms)
#   Decrease number of Java threads
#   Decrease Java thread stack sizes (-Xss)
#   Set larger code cache with -XX:ReservedCodeCacheSize=
#   JVM is running with Unscaled Compressed Oops mode in which the Java heap is
#     placed in the first 4GB address space. The Java Heap base address is the
#     maximum limit for the native heap growth. Please use -XX:HeapBaseMinAddress
#     to set the Java Heap base and to place the Java Heap above 4GB virtual address.
# This output file may be truncated or incomplete.
#
#  Out of Memory Error (t:/workspace/open/src/hotspot/share/memory/arena.cpp:197), pid=29684, tid=4200
#
# JRE version: Java(TM) SE Runtime Environment (12.0.1+12) (build 12.0.1+12)
# Java VM: Java HotSpot(TM) 64-Bit Server VM (12.0.1+12, mixed mode, sharing, tiered, compressed oops, g1 gc, windows-amd64)
# No core dump will be written. Minidumps are not enabled by default on client versions of Windows
#

---------------  S U M M A R Y ------------

Command Line: -ea -Dfile.encoding=Cp1252 org.testng.remote.RemoteTestNG -serport 50771 -protocol json -d C:\SeleniumProject\test-output C:\SeleniumProject\RunAllTestsSATChrome.xml

Host: Intel(R) Core(TM) i5-5300U CPU @ 2.30GHz, 4 cores, 7G,  Windows 10 , 64 bit Build 17134 (10.0.17134.753)
Time: Tue Jun 25 12:54:10 2019 Västeuropa, sommartid elapsed time: 21 seconds (0d 0h 0m 21s)

---------------  T H R E A D  ---------------

Current thread (0x000001ffe4df3000):  JavaThread "C2 CompilerThread0" daemon [_thread_in_native, id=4200, stack(0x0000001e8b900000,0x0000001e8ba00000)]


Current CompileTask:
C2:  21436 2852       4       java.util.regex.Pattern::compile (498 bytes)

Stack: [0x0000001e8b900000,0x0000001e8ba00000]
Native frames: (J=compiled Java code, j=interpreted, Vv=VM code, C=native code)
V  [jvm.dll+0x63948a]
V  [jvm.dll+0x78b31f]
V  [jvm.dll+0x78c9c1]
V  [jvm.dll+0x78d013]
V  [jvm.dll+0x262138]
V  [jvm.dll+0xc582c]
V  [jvm.dll+0xc5dac]
V  [jvm.dll+0xc5910]
V  [jvm.dll+0x61a81f]
V  [jvm.dll+0x5439ce]
V  [jvm.dll+0x543623]
V  [jvm.dll+0x5430a3]
V  [jvm.dll+0x54581e]
V  [jvm.dll+0x545036]
V  [jvm.dll+0x5447ff]
V  [jvm.dll+0x5447c6]
V  [jvm.dll+0x5447c6]
V  [jvm.dll+0x544813]
V  [jvm.dll+0x544813]
V  [jvm.dll+0x544813]
V  [jvm.dll+0x544813]
V  [jvm.dll+0x544813]
V  [jvm.dll+0x544813]
V  [jvm.dll+0x5560ca]
V  [jvm.dll+0x21dba7]
V  [jvm.dll+0x21b0e6]
V  [jvm.dll+0x199890]
V  [jvm.dll+0x22a534]
V  [jvm.dll+0x228b88]
V  [jvm.dll+0x74f660]
V  [jvm.dll+0x748648]
V  [jvm.dll+0x638566]
C  [ucrtbase.dll+0x1e3fe]
C  [KERNEL32.DLL+0x14034]
C  [ntdll.dll+0x73691]


---------------  P R O C E S S  ---------------

Threads class SMR info:
_java_thread_list=0x000001ffe5776450, length=42, elements={
0x000001ffc6a3d800, 0x000001ffe4dd1000, 0x000001ffe4dde800, 0x000001ffe4df0800,
0x000001ffe4df2000, 0x000001ffe4df3000, 0x000001ffe4e20800, 0x000001ffe5750800,
0x000001ffe584a800, 0x000001ffe5855800, 0x000001ffe5a94000, 0x000001ffe6615800,
0x000001ffe684d000, 0x000001ffe6ffc800, 0x000001ffe6bcc000, 0x000001ffe69f6800,
0x000001ffe7023800, 0x000001ffe6600800, 0x000001ffe6c68000, 0x000001ffe6c68800,
0x000001ffe6878000, 0x000001ffe6876800, 0x000001ffe6879000, 0x000001ffe687a800,
0x000001ffe687b800, 0x000001ffe6879800, 0x000001ffe687c000, 0x000001ffe687d000,
0x000001ffe6877800, 0x000001ffe6dfe000, 0x000001ffe6e04000, 0x000001ffe6e02000,
0x000001ffe6e04800, 0x000001ffe6e00800, 0x000001ffe6e01800, 0x000001ffe6e03000,
0x000001ffe6e05800, 0x000001ffe6dff800, 0x000001ffe6dff000, 0x000001ffe6e08800,
0x000001ffe6e06800, 0x000001ffe6e0d000
}

Java Threads: ( => current thread )
  0x000001ffc6a3d800 JavaThread "main" [_thread_blocked, id=32176, stack(0x0000001e8ae00000,0x0000001e8af00000)]
  0x000001ffe4dd1000 JavaThread "Reference Handler" daemon [_thread_blocked, id=35008, stack(0x0000001e8b500000,0x0000001e8b600000)]
  0x000001ffe4dde800 JavaThread "Finalizer" daemon [_thread_blocked, id=35292, stack(0x0000001e8b600000,0x0000001e8b700000)]
  0x000001ffe4df0800 JavaThread "Signal Dispatcher" daemon [_thread_blocked, id=15220, stack(0x0000001e8b700000,0x0000001e8b800000)]
  0x000001ffe4df2000 JavaThread "Attach Listener" daemon [_thread_blocked, id=13972, stack(0x0000001e8b800000,0x0000001e8b900000)]
=>0x000001ffe4df3000 JavaThread "C2 CompilerThread0" daemon [_thread_in_native, id=4200, stack(0x0000001e8b900000,0x0000001e8ba00000)]
  0x000001ffe4e20800 JavaThread "C1 CompilerThread0" daemon [_thread_in_native, id=9628, stack(0x0000001e8ba00000,0x0000001e8bb00000)]
  0x000001ffe5750800 JavaThread "Sweeper thread" daemon [_thread_blocked, id=35352, stack(0x0000001e8bb00000,0x0000001e8bc00000)]
  0x000001ffe584a800 JavaThread "Service Thread" daemon [_thread_blocked, id=6724, stack(0x0000001e8bc00000,0x0000001e8bd00000)]
  0x000001ffe5855800 JavaThread "Common-Cleaner" daemon [_thread_blocked, id=34308, stack(0x0000001e8be00000,0x0000001e8bf00000)]
  0x000001ffe5a94000 JavaThread "ReaderThread" [_thread_in_native, id=24772, stack(0x0000001e8c000000,0x0000001e8c100000)]
  0x000001ffe6615800 JavaThread "Forwarding get on session 0103fc6d3c74aa735bfb322d8b5acba3 to remote" [_thread_in_native, id=21936, stack(0x0000001e8c500000,0x0000001e8c600000)]
  0x000001ffe684d000 JavaThread "Forwarding get on session ed1bf7b427a3aac0c141a041ce06f861 to remote" [_thread_in_native, id=33808, stack(0x0000001e8c600000,0x0000001e8c700000)]
  0x000001ffe6ffc800 JavaThread "Forwarding get on session c8f6a3ede42238012c1c4e33f1c62b2a to remote" [_thread_in_native, id=17440, stack(0x0000001e8c700000,0x0000001e8c800000)]
  0x000001ffe6bcc000 JavaThread "Forwarding get on session e6664c7655fd1ab6686eda313224dee7 to remote" [_thread_in_native, id=35532, stack(0x0000001e8c800000,0x0000001e8c900000)]
  0x000001ffe69f6800 JavaThread "TestNG-tests-5" [_thread_in_vm, id=30764, stack(0x0000001e8c900000,0x0000001e8ca00000)]
  0x000001ffe7023800 JavaThread "Exec Default Executor" daemon [_thread_in_native, id=33756, stack(0x0000001e8ca00000,0x0000001e8cb00000)]
  0x000001ffe6600800 JavaThread "Exec Default Executor" daemon [_thread_in_native, id=23672, stack(0x0000001e8cb00000,0x0000001e8cc00000)]
  0x000001ffe6c68000 JavaThread "Exec Default Executor" daemon [_thread_in_native, id=24792, stack(0x0000001e8cc00000,0x0000001e8cd00000)]
  0x000001ffe6c68800 JavaThread "Exec Default Executor" daemon [_thread_in_native, id=32108, stack(0x0000001e8cd00000,0x0000001e8ce00000)]
  0x000001ffe6878000 JavaThread "Exec Default Executor" daemon [_thread_in_native, id=28156, stack(0x0000001e8ce00000,0x0000001e8cf00000)]
  0x000001ffe6876800 JavaThread "UrlChecker-2" daemon [_thread_blocked, id=34372, stack(0x0000001e8cf00000,0x0000001e8d000000)]
  0x000001ffe6879000 JavaThread "UrlChecker-4" daemon [_thread_blocked, id=35824, stack(0x0000001e8d000000,0x0000001e8d100000)]
  0x000001ffe687a800 JavaThread "UrlChecker-3" daemon [_thread_blocked, id=4216, stack(0x0000001e8d100000,0x0000001e8d200000)]
  0x000001ffe687b800 JavaThread "UrlChecker-5" daemon [_thread_blocked, id=34528, stack(0x0000001e8d200000,0x0000001e8d300000)]
  0x000001ffe6879800 JavaThread "UrlChecker-6" daemon [_thread_blocked, id=24100, stack(0x0000001e8d300000,0x0000001e8d400000)]
  0x000001ffe687c000 JavaThread "Exec Stream Pumper" daemon [_thread_in_native, id=34904, stack(0x0000001e8d400000,0x0000001e8d500000)]
  0x000001ffe687d000 JavaThread "Exec Stream Pumper" daemon [_thread_in_native, id=33328, stack(0x0000001e8d500000,0x0000001e8d600000)]
  0x000001ffe6877800 JavaThread "Exec Stream Pumper" daemon [_thread_in_native, id=34896, stack(0x0000001e8d600000,0x0000001e8d700000)]
  0x000001ffe6dfe000 JavaThread "Exec Stream Pumper" daemon [_thread_in_native, id=32420, stack(0x0000001e8d700000,0x0000001e8d800000)]
  0x000001ffe6e04000 JavaThread "Exec Stream Pumper" daemon [_thread_in_native, id=22028, stack(0x0000001e8d800000,0x0000001e8d900000)]
  0x000001ffe6e02000 JavaThread "Exec Stream Pumper" daemon [_thread_in_native, id=26508, stack(0x0000001e8d900000,0x0000001e8da00000)]
  0x000001ffe6e04800 JavaThread "Exec Stream Pumper" daemon [_thread_in_native, id=9428, stack(0x0000001e8da00000,0x0000001e8db00000)]
  0x000001ffe6e00800 JavaThread "Exec Stream Pumper" daemon [_thread_in_native, id=13492, stack(0x0000001e8db00000,0x0000001e8dc00000)]
  0x000001ffe6e01800 JavaThread "Exec Stream Pumper" daemon [_thread_in_native, id=31820, stack(0x0000001e8dc00000,0x0000001e8dd00000)]
  0x000001ffe6e03000 JavaThread "Exec Stream Pumper" daemon [_thread_in_native, id=1500, stack(0x0000001e8dd00000,0x0000001e8de00000)]
  0x000001ffe6e05800 JavaThread "OkHttp ConnectionPool" daemon [_thread_blocked, id=24796, stack(0x0000001e8de00000,0x0000001e8df00000)]
  0x000001ffe6dff800 JavaThread "Okio Watchdog" daemon [_thread_blocked, id=15804, stack(0x0000001e8df00000,0x0000001e8e000000)]
  0x000001ffe6dff000 JavaThread "Exec Default Executor" daemon [_thread_in_native, id=33712, stack(0x0000001e8c400000,0x0000001e8c500000)]
  0x000001ffe6e08800 JavaThread "Exec Stream Pumper" daemon [_thread_in_native, id=33272, stack(0x0000001e8e000000,0x0000001e8e100000)]
  0x000001ffe6e06800 JavaThread "Exec Stream Pumper" daemon [_thread_in_native, id=8904, stack(0x0000001e8e100000,0x0000001e8e200000)]
  0x000001ffe6e0d000 JavaThread "Keep-Alive-Timer" daemon [_thread_blocked, id=32532, stack(0x0000001e8e200000,0x0000001e8e300000)]

Other Threads:
  0x000001ffe4dcf000 VMThread "VM Thread" [stack: 0x0000001e8b400000,0x0000001e8b500000] [id=15680]
  0x000001ffe5854800 WatcherThread [stack: 0x0000001e8bd00000,0x0000001e8be00000] [id=25448]
  0x000001ffc6a77000 GCTaskThread "GC Thread#0" [stack: 0x0000001e8af00000,0x0000001e8b000000] [id=8776]
  0x000001ffe6275000 GCTaskThread "GC Thread#1" [stack: 0x0000001e8c100000,0x0000001e8c200000] [id=35036]
  0x000001ffe63d6800 GCTaskThread "GC Thread#2" [stack: 0x0000001e8c200000,0x0000001e8c300000] [id=29196]
  0x000001ffe63d7800 GCTaskThread "GC Thread#3" [stack: 0x0000001e8c300000,0x0000001e8c400000] [id=15552]
  0x000001ffc6a85000 ConcurrentGCThread "G1 Main Marker" [stack: 0x0000001e8b000000,0x0000001e8b100000] [id=16992]
  0x000001ffc6a87800 ConcurrentGCThread "G1 Conc#0" [stack: 0x0000001e8b100000,0x0000001e8b200000] [id=33244]
  0x000001ffe4c50800 ConcurrentGCThread "G1 Refine#0" [stack: 0x0000001e8b200000,0x0000001e8b300000] [id=22860]
  0x000001ffe4c51000 ConcurrentGCThread "G1 Young RemSet Sampling" [stack: 0x0000001e8b300000,0x0000001e8b400000] [id=35744]

Threads with active compile tasks:
C2 CompilerThread0  2852       4       java.util.regex.Pattern::compile (498 bytes)
C1 CompilerThread0  2883       3       org.testng.reporters.XMLUtils::escape (133 bytes)

VM state:not at safepoint (normal execution)

VM Mutex/Monitor currently owned by a thread: None

Heap address: 0x0000000082000000, size: 2016 MB, Compressed Oops mode: 32-bit
Narrow klass base: 0x0000000800000000, Narrow klass shift: 3
Compressed class space size: 1073741824 Address: 0x00000008011a0000

Heap:
 garbage-first heap   total 129024K, used 62374K [0x0000000082000000, 0x0000000100000000)
  region size 1024K, 59 young (60416K), 4 survivors (4096K)
 Metaspace       used 16182K, capacity 16966K, committed 17152K, reserved 1064960K
  class space    used 1910K, capacity 2215K, committed 2304K, reserved 1048576K
Heap Regions: E=young(eden), S=young(survivor), O=old, HS=humongous(starts), HC=humongous(continues), CS=collection set, F=free, A=archive, TAMS=top-at-mark-start (previous, next)
|   0|0x0000000082000000, 0x0000000082100000, 0x0000000082100000|100%| O|  |TAMS 0x0000000082000000, 0x0000000082000000| Untracked 
|   1|0x0000000082100000, 0x0000000082200000, 0x0000000082200000|100%| O|  |TAMS 0x0000000082100000, 0x0000000082100000| Untracked 
|   2|0x0000000082200000, 0x0000000082300000, 0x0000000082300000|100%| O|  |TAMS 0x0000000082200000, 0x0000000082200000| Untracked 
|   3|0x0000000082300000, 0x0000000082329a00, 0x0000000082400000| 16%| O|  |TAMS 0x0000000082300000, 0x0000000082300000| Untracked 
|   4|0x0000000082400000, 0x0000000082400000, 0x0000000082500000|  0%| F|  |TAMS 0x0000000082400000, 0x0000000082400000| Untracked 
|   5|0x0000000082500000, 0x0000000082500000, 0x0000000082600000|  0%| F|  |TAMS 0x0000000082500000, 0x0000000082500000| Untracked 
|   6|0x0000000082600000, 0x0000000082600000, 0x0000000082700000|  0%| F|  |TAMS 0x0000000082600000, 0x0000000082600000| Untracked 
|   7|0x0000000082700000, 0x0000000082700000, 0x0000000082800000|  0%| F|  |TAMS 0x0000000082700000, 0x0000000082700000| Untracked 
|   8|0x0000000082800000, 0x0000000082800000, 0x0000000082900000|  0%| F|  |TAMS 0x0000000082800000, 0x0000000082800000| Untracked 
|   9|0x0000000082900000, 0x0000000082900000, 0x0000000082a00000|  0%| F|  |TAMS 0x0000000082900000, 0x0000000082900000| Untracked 
|  10|0x0000000082a00000, 0x0000000082a00000, 0x0000000082b00000|  0%| F|  |TAMS 0x0000000082a00000, 0x0000000082a00000| Untracked 
|  11|0x0000000082b00000, 0x0000000082b00000, 0x0000000082c00000|  0%| F|  |TAMS 0x0000000082b00000, 0x0000000082b00000| Untracked 
|  12|0x0000000082c00000, 0x0000000082c00000, 0x0000000082d00000|  0%| F|  |TAMS 0x0000000082c00000, 0x0000000082c00000| Untracked 
|  13|0x0000000082d00000, 0x0000000082d00000, 0x0000000082e00000|  0%| F|  |TAMS 0x0000000082d00000, 0x0000000082d00000| Untracked 
|  14|0x0000000082e00000, 0x0000000082e00000, 0x0000000082f00000|  0%| F|  |TAMS 0x0000000082e00000, 0x0000000082e00000| Untracked 
|  15|0x0000000082f00000, 0x0000000082f00000, 0x0000000083000000|  0%| F|  |TAMS 0x0000000082f00000, 0x0000000082f00000| Untracked 
|  16|0x0000000083000000, 0x0000000083000000, 0x0000000083100000|  0%| F|  |TAMS 0x0000000083000000, 0x0000000083000000| Untracked 
|  17|0x0000000083100000, 0x0000000083100000, 0x0000000083200000|  0%| F|  |TAMS 0x0000000083100000, 0x0000000083100000| Untracked 
|  18|0x0000000083200000, 0x0000000083200000, 0x0000000083300000|  0%| F|  |TAMS 0x0000000083200000, 0x0000000083200000| Untracked 
|  19|0x0000000083300000, 0x0000000083300000, 0x0000000083400000|  0%| F|  |TAMS 0x0000000083300000, 0x0000000083300000| Untracked 
|  20|0x0000000083400000, 0x0000000083400000, 0x0000000083500000|  0%| F|  |TAMS 0x0000000083400000, 0x0000000083400000| Untracked 
|  21|0x0000000083500000, 0x0000000083500000, 0x0000000083600000|  0%| F|  |TAMS 0x0000000083500000, 0x0000000083500000| Untracked 
|  22|0x0000000083600000, 0x0000000083600000, 0x0000000083700000|  0%| F|  |TAMS 0x0000000083600000, 0x0000000083600000| Untracked 
|  23|0x0000000083700000, 0x0000000083700000, 0x0000000083800000|  0%| F|  |TAMS 0x0000000083700000, 0x0000000083700000| Untracked 
|  24|0x0000000083800000, 0x0000000083800000, 0x0000000083900000|  0%| F|  |TAMS 0x0000000083800000, 0x0000000083800000| Untracked 
|  25|0x0000000083900000, 0x0000000083900000, 0x0000000083a00000|  0%| F|  |TAMS 0x0000000083900000, 0x0000000083900000| Untracked 
|  26|0x0000000083a00000, 0x0000000083a00000, 0x0000000083b00000|  0%| F|  |TAMS 0x0000000083a00000, 0x0000000083a00000| Untracked 
|  27|0x0000000083b00000, 0x0000000083b00000, 0x0000000083c00000|  0%| F|  |TAMS 0x0000000083b00000, 0x0000000083b00000| Untracked 
|  28|0x0000000083c00000, 0x0000000083c00000, 0x0000000083d00000|  0%| F|  |TAMS 0x0000000083c00000, 0x0000000083c00000| Untracked 
|  29|0x0000000083d00000, 0x0000000083d00000, 0x0000000083e00000|  0%| F|  |TAMS 0x0000000083d00000, 0x0000000083d00000| Untracked 
|  30|0x0000000083e00000, 0x0000000083e00000, 0x0000000083f00000|  0%| F|  |TAMS 0x0000000083e00000, 0x0000000083e00000| Untracked 
|  31|0x0000000083f00000, 0x0000000083f00000, 0x0000000084000000|  0%| F|  |TAMS 0x0000000083f00000, 0x0000000083f00000| Untracked 
|  32|0x0000000084000000, 0x0000000084000000, 0x0000000084100000|  0%| F|  |TAMS 0x0000000084000000, 0x0000000084000000| Untracked 
|  33|0x0000000084100000, 0x0000000084100000, 0x0000000084200000|  0%| F|  |TAMS 0x0000000084100000, 0x0000000084100000| Untracked 
|  34|0x0000000084200000, 0x0000000084200000, 0x0000000084300000|  0%| F|  |TAMS 0x0000000084200000, 0x0000000084200000| Untracked 
|  35|0x0000000084300000, 0x0000000084300000, 0x0000000084400000|  0%| F|  |TAMS 0x0000000084300000, 0x0000000084300000| Untracked 
|  36|0x0000000084400000, 0x0000000084400000, 0x0000000084500000|  0%| F|  |TAMS 0x0000000084400000, 0x0000000084400000| Untracked 
|  37|0x0000000084500000, 0x0000000084500000, 0x0000000084600000|  0%| F|  |TAMS 0x0000000084500000, 0x0000000084500000| Untracked 
|  38|0x0000000084600000, 0x0000000084600000, 0x0000000084700000|  0%| F|  |TAMS 0x0000000084600000, 0x0000000084600000| Untracked 
|  39|0x0000000084700000, 0x0000000084700000, 0x0000000084800000|  0%| F|  |TAMS 0x0000000084700000, 0x0000000084700000| Untracked 
|  40|0x0000000084800000, 0x0000000084800000, 0x0000000084900000|  0%| F|  |TAMS 0x0000000084800000, 0x0000000084800000| Untracked 
|  41|0x0000000084900000, 0x0000000084900000, 0x0000000084a00000|  0%| F|  |TAMS 0x0000000084900000, 0x0000000084900000| Untracked 
|  42|0x0000000084a00000, 0x0000000084a00000, 0x0000000084b00000|  0%| F|  |TAMS 0x0000000084a00000, 0x0000000084a00000| Untracked 
|  43|0x0000000084b00000, 0x0000000084b00000, 0x0000000084c00000|  0%| F|  |TAMS 0x0000000084b00000, 0x0000000084b00000| Untracked 
|  44|0x0000000084c00000, 0x0000000084c00000, 0x0000000084d00000|  0%| F|  |TAMS 0x0000000084c00000, 0x0000000084c00000| Untracked 
|  45|0x0000000084d00000, 0x0000000084d00000, 0x0000000084e00000|  0%| F|  |TAMS 0x0000000084d00000, 0x0000000084d00000| Untracked 
|  46|0x0000000084e00000, 0x0000000084e00000, 0x0000000084f00000|  0%| F|  |TAMS 0x0000000084e00000, 0x0000000084e00000| Untracked 
|  47|0x0000000084f00000, 0x0000000084f00000, 0x0000000085000000|  0%| F|  |TAMS 0x0000000084f00000, 0x0000000084f00000| Untracked 
|  48|0x0000000085000000, 0x0000000085000000, 0x0000000085100000|  0%| F|  |TAMS 0x0000000085000000, 0x0000000085000000| Untracked 
|  49|0x0000000085100000, 0x0000000085100000, 0x0000000085200000|  0%| F|  |TAMS 0x0000000085100000, 0x0000000085100000| Untracked 
|  50|0x0000000085200000, 0x0000000085200000, 0x0000000085300000|  0%| F|  |TAMS 0x0000000085200000, 0x0000000085200000| Untracked 
|  51|0x0000000085300000, 0x0000000085300000, 0x0000000085400000|  0%| F|  |TAMS 0x0000000085300000, 0x0000000085300000| Untracked 
|  52|0x0000000085400000, 0x0000000085400000, 0x0000000085500000|  0%| F|  |TAMS 0x0000000085400000, 0x0000000085400000| Untracked 
|  53|0x0000000085500000, 0x0000000085500000, 0x0000000085600000|  0%| F|  |TAMS 0x0000000085500000, 0x0000000085500000| Untracked 
|  54|0x0000000085600000, 0x0000000085600000, 0x0000000085700000|  0%| F|  |TAMS 0x0000000085600000, 0x0000000085600000| Untracked 
|  55|0x0000000085700000, 0x0000000085700000, 0x0000000085800000|  0%| F|  |TAMS 0x0000000085700000, 0x0000000085700000| Untracked 
|  56|0x0000000085800000, 0x0000000085800000, 0x0000000085900000|  0%| F|  |TAMS 0x0000000085800000, 0x0000000085800000| Untracked 
|  57|0x0000000085900000, 0x0000000085900000, 0x0000000085a00000|  0%| F|  |TAMS 0x0000000085900000, 0x0000000085900000| Untracked 
|  58|0x0000000085a00000, 0x0000000085a00000, 0x0000000085b00000|  0%| F|  |TAMS 0x0000000085a00000, 0x0000000085a00000| Untracked 
|  59|0x0000000085b00000, 0x0000000085b00000, 0x0000000085c00000|  0%| F|  |TAMS 0x0000000085b00000, 0x0000000085b00000| Untracked 
|  60|0x0000000085c00000, 0x0000000085c00000, 0x0000000085d00000|  0%| F|  |TAMS 0x0000000085c00000, 0x0000000085c00000| Untracked 
|  61|0x0000000085d00000, 0x0000000085d00000, 0x0000000085e00000|  0%| F|  |TAMS 0x0000000085d00000, 0x0000000085d00000| Untracked 
|  62|0x0000000085e00000, 0x0000000085e00000, 0x0000000085f00000|  0%| F|  |TAMS 0x0000000085e00000, 0x0000000085e00000| Untracked 
|  63|0x0000000085f00000, 0x0000000085f00000, 0x0000000086000000|  0%| F|  |TAMS 0x0000000085f00000, 0x0000000085f00000| Untracked 
|  64|0x0000000086000000, 0x0000000086000000, 0x0000000086100000|  0%| F|  |TAMS 0x0000000086000000, 0x0000000086000000| Untracked 
|  65|0x0000000086100000, 0x0000000086100000, 0x0000000086200000|  0%| F|  |TAMS 0x0000000086100000, 0x0000000086100000| Untracked 
|  66|0x0000000086200000, 0x0000000086200000, 0x0000000086300000|  0%| F|  |TAMS 0x0000000086200000, 0x0000000086200000| Untracked 
|  67|0x0000000086300000, 0x0000000086400000, 0x0000000086400000|100%| E|  |TAMS 0x0000000086300000, 0x0000000086300000| Complete 
|  68|0x0000000086400000, 0x0000000086500000, 0x0000000086500000|100%| E|CS|TAMS 0x0000000086400000, 0x0000000086400000| Complete 
|  69|0x0000000086500000, 0x0000000086600000, 0x0000000086600000|100%| E|CS|TAMS 0x0000000086500000, 0x0000000086500000| Complete 
|  70|0x0000000086600000, 0x0000000086700000, 0x0000000086700000|100%| E|CS|TAMS 0x0000000086600000, 0x0000000086600000| Complete 
|  71|0x0000000086700000, 0x0000000086800000, 0x0000000086800000|100%| E|CS|TAMS 0x0000000086700000, 0x0000000086700000| Complete 
|  72|0x0000000086800000, 0x0000000086900000, 0x0000000086900000|100%| E|CS|TAMS 0x0000000086800000, 0x0000000086800000| Complete 
|  73|0x0000000086900000, 0x0000000086a00000, 0x0000000086a00000|100%| E|CS|TAMS 0x0000000086900000, 0x0000000086900000| Complete 
|  74|0x0000000086a00000, 0x0000000086b00000, 0x0000000086b00000|100%| E|CS|TAMS 0x0000000086a00000, 0x0000000086a00000| Complete 
|  75|0x0000000086b00000, 0x0000000086c00000, 0x0000000086c00000|100%| E|CS|TAMS 0x0000000086b00000, 0x0000000086b00000| Complete 
|  76|0x0000000086c00000, 0x0000000086d00000, 0x0000000086d00000|100%| E|CS|TAMS 0x0000000086c00000, 0x0000000086c00000| Complete 
|  77|0x0000000086d00000, 0x0000000086e00000, 0x0000000086e00000|100%| E|CS|TAMS 0x0000000086d00000, 0x0000000086d00000| Complete 
|  78|0x0000000086e00000, 0x0000000086f00000, 0x0000000086f00000|100%| E|CS|TAMS 0x0000000086e00000, 0x0000000086e00000| Complete 
|  79|0x0000000086f00000, 0x0000000087000000, 0x0000000087000000|100%| E|CS|TAMS 0x0000000086f00000, 0x0000000086f00000| Complete 
|  80|0x0000000087000000, 0x0000000087100000, 0x0000000087100000|100%| E|CS|TAMS 0x0000000087000000, 0x0000000087000000| Complete 
|  81|0x0000000087100000, 0x0000000087200000, 0x0000000087200000|100%| E|CS|TAMS 0x0000000087100000, 0x0000000087100000| Complete 
|  82|0x0000000087200000, 0x0000000087300000, 0x0000000087300000|100%| E|CS|TAMS 0x0000000087200000, 0x0000000087200000| Complete 
|  83|0x0000000087300000, 0x0000000087400000, 0x0000000087400000|100%| E|CS|TAMS 0x0000000087300000, 0x0000000087300000| Complete 
|  84|0x0000000087400000, 0x0000000087500000, 0x0000000087500000|100%| E|CS|TAMS 0x0000000087400000, 0x0000000087400000| Complete 
|  85|0x0000000087500000, 0x0000000087600000, 0x0000000087600000|100%| E|CS|TAMS 0x0000000087500000, 0x0000000087500000| Complete 
|  86|0x0000000087600000, 0x0000000087700000, 0x0000000087700000|100%| E|CS|TAMS 0x0000000087600000, 0x0000000087600000| Complete 
|  87|0x0000000087700000, 0x0000000087800000, 0x0000000087800000|100%| E|CS|TAMS 0x0000000087700000, 0x0000000087700000| Complete 
|  88|0x0000000087800000, 0x0000000087900000, 0x0000000087900000|100%| E|CS|TAMS 0x0000000087800000, 0x0000000087800000| Complete 
|  89|0x0000000087900000, 0x0000000087a00000, 0x0000000087a00000|100%| E|CS|TAMS 0x0000000087900000, 0x0000000087900000| Complete 
|  90|0x0000000087a00000, 0x0000000087ac00a8, 0x0000000087b00000| 75%| S|CS|TAMS 0x0000000087a00000, 0x0000000087a00000| Complete 
|  91|0x0000000087b00000, 0x0000000087c00000, 0x0000000087c00000|100%| S|CS|TAMS 0x0000000087b00000, 0x0000000087b00000| Complete 
|  92|0x0000000087c00000, 0x0000000087d00000, 0x0000000087d00000|100%| S|CS|TAMS 0x0000000087c00000, 0x0000000087c00000| Complete 
|  93|0x0000000087d00000, 0x0000000087e00000, 0x0000000087e00000|100%| S|CS|TAMS 0x0000000087d00000, 0x0000000087d00000| Complete 
|  94|0x0000000087e00000, 0x0000000087f00000, 0x0000000087f00000|100%| E|CS|TAMS 0x0000000087e00000, 0x0000000087e00000| Complete 
|  95|0x0000000087f00000, 0x0000000088000000, 0x0000000088000000|100%| E|CS|TAMS 0x0000000087f00000, 0x0000000087f00000| Complete 
|  96|0x0000000088000000, 0x0000000088100000, 0x0000000088100000|100%| E|CS|TAMS 0x0000000088000000, 0x0000000088000000| Complete 
|  97|0x0000000088100000, 0x0000000088200000, 0x0000000088200000|100%| E|CS|TAMS 0x0000000088100000, 0x0000000088100000| Complete 
|  98|0x0000000088200000, 0x0000000088300000, 0x0000000088300000|100%| E|CS|TAMS 0x0000000088200000, 0x0000000088200000| Complete 
|  99|0x0000000088300000, 0x0000000088400000, 0x0000000088400000|100%| E|CS|TAMS 0x0000000088300000, 0x0000000088300000| Complete 
| 100|0x0000000088400000, 0x0000000088500000, 0x0000000088500000|100%| E|CS|TAMS 0x0000000088400000, 0x0000000088400000| Complete 
| 101|0x0000000088500000, 0x0000000088600000, 0x0000000088600000|100%| E|CS|TAMS 0x0000000088500000, 0x0000000088500000| Complete 
| 102|0x0000000088600000, 0x0000000088700000, 0x0000000088700000|100%| E|CS|TAMS 0x0000000088600000, 0x0000000088600000| Complete 
| 103|0x0000000088700000, 0x0000000088800000, 0x0000000088800000|100%| E|CS|TAMS 0x0000000088700000, 0x0000000088700000| Complete 
| 104|0x0000000088800000, 0x0000000088900000, 0x0000000088900000|100%| E|CS|TAMS 0x0000000088800000, 0x0000000088800000| Complete 
| 105|0x0000000088900000, 0x0000000088a00000, 0x0000000088a00000|100%| E|CS|TAMS 0x0000000088900000, 0x0000000088900000| Complete 
| 106|0x0000000088a00000, 0x0000000088b00000, 0x0000000088b00000|100%| E|CS|TAMS 0x0000000088a00000, 0x0000000088a00000| Complete 
| 107|0x0000000088b00000, 0x0000000088c00000, 0x0000000088c00000|100%| E|CS|TAMS 0x0000000088b00000, 0x0000000088b00000| Complete 
| 108|0x0000000088c00000, 0x0000000088d00000, 0x0000000088d00000|100%| E|CS|TAMS 0x0000000088c00000, 0x0000000088c00000| Complete 
| 109|0x0000000088d00000, 0x0000000088e00000, 0x0000000088e00000|100%| E|CS|TAMS 0x0000000088d00000, 0x0000000088d00000| Complete 
| 110|0x0000000088e00000, 0x0000000088f00000, 0x0000000088f00000|100%| E|CS|TAMS 0x0000000088e00000, 0x0000000088e00000| Complete 
| 111|0x0000000088f00000, 0x0000000089000000, 0x0000000089000000|100%| E|CS|TAMS 0x0000000088f00000, 0x0000000088f00000| Complete 
| 112|0x0000000089000000, 0x0000000089100000, 0x0000000089100000|100%| E|CS|TAMS 0x0000000089000000, 0x0000000089000000| Complete 
| 113|0x0000000089100000, 0x0000000089200000, 0x0000000089200000|100%| E|CS|TAMS 0x0000000089100000, 0x0000000089100000| Complete 
| 114|0x0000000089200000, 0x0000000089300000, 0x0000000089300000|100%| E|CS|TAMS 0x0000000089200000, 0x0000000089200000| Complete 
| 115|0x0000000089300000, 0x0000000089400000, 0x0000000089400000|100%| E|CS|TAMS 0x0000000089300000, 0x0000000089300000| Complete 
| 116|0x0000000089400000, 0x0000000089500000, 0x0000000089500000|100%| E|CS|TAMS 0x0000000089400000, 0x0000000089400000| Complete 
| 117|0x0000000089500000, 0x0000000089600000, 0x0000000089600000|100%| E|CS|TAMS 0x0000000089500000, 0x0000000089500000| Complete 
| 118|0x0000000089600000, 0x0000000089700000, 0x0000000089700000|100%| E|CS|TAMS 0x0000000089600000, 0x0000000089600000| Complete 
| 119|0x0000000089700000, 0x0000000089800000, 0x0000000089800000|100%| E|CS|TAMS 0x0000000089700000, 0x0000000089700000| Complete 
| 120|0x0000000089800000, 0x0000000089900000, 0x0000000089900000|100%| E|CS|TAMS 0x0000000089800000, 0x0000000089800000| Complete 
| 121|0x0000000089900000, 0x0000000089a00000, 0x0000000089a00000|100%| E|CS|TAMS 0x0000000089900000, 0x0000000089900000| Complete 
| 122|0x0000000089a00000, 0x0000000089b00000, 0x0000000089b00000|100%| E|CS|TAMS 0x0000000089a00000, 0x0000000089a00000| Complete 
| 123|0x0000000089b00000, 0x0000000089c00000, 0x0000000089c00000|100%| E|CS|TAMS 0x0000000089b00000, 0x0000000089b00000| Complete 
| 124|0x0000000089c00000, 0x0000000089d00000, 0x0000000089d00000|100%| E|CS|TAMS 0x0000000089c00000, 0x0000000089c00000| Complete 
| 125|0x0000000089d00000, 0x0000000089e00000, 0x0000000089e00000|100%| E|CS|TAMS 0x0000000089d00000, 0x0000000089d00000| Complete 

Card table byte_map: [0x000001ffde230000,0x000001ffde620000] _byte_map_base: 0x000001ffdde20000

Marking Bits (Prev, Next): (CMBitMap*) 0x000001ffc6a77d08, (CMBitMap*) 0x000001ffc6a77d48
 Prev Bits: [0x000001ffdea10000, 0x000001ffe0990000)
 Next Bits: [0x000001ffe0990000, 0x000001ffe2910000)

Polling page: 0x000001ffc48c0000

Metaspace:

Usage:
  Non-class:     14.41 MB capacity,    13.94 MB ( 97%) used,   400.01 KB (  3%) free+waste,    79.50 KB ( <1%) overhead. 
      Class:      2.16 MB capacity,     1.87 MB ( 86%) used,   262.27 KB ( 12%) free+waste,    42.06 KB (  2%) overhead. 
       Both:     16.57 MB capacity,    15.80 MB ( 95%) used,   662.28 KB (  4%) free+waste,   121.56 KB ( <1%) overhead. 

Virtual space:
  Non-class space:       16.00 MB reserved,      14.50 MB ( 91%) committed 
      Class space:        1.00 GB reserved,       2.25 MB ( <1%) committed 
             Both:        1.02 GB reserved,      16.75 MB (  2%) committed 

Chunk freelists:
   Non-Class:  4.13 KB
       Class:  0 bytes
        Both:  4.13 KB

CodeHeap 'non-profiled nmethods': size=120064Kb used=1101Kb max_used=1101Kb free=118962Kb
 bounds [0x000001ffd6900000, 0x000001ffd6b70000, 0x000001ffdde40000]
CodeHeap 'profiled nmethods': size=120000Kb used=6067Kb max_used=6067Kb free=113932Kb
 bounds [0x000001ffcf3d0000, 0x000001ffcf9d0000, 0x000001ffd6900000]
CodeHeap 'non-nmethods': size=5696Kb used=1175Kb max_used=1196Kb free=4520Kb
 bounds [0x000001ffcee40000, 0x000001ffcf0b0000, 0x000001ffcf3d0000]
 total_blobs=4016 nmethods=2678 adapters=413
 compilation: enabled
              stopped_count=0, restarted_count=0
 full_count=0

Compilation events (10 events):
Event: 21.383 Thread 0x000001ffe4e20800 2874       1       org.testng.internal.TestResult::getTestClass (5 bytes)
Event: 21.383 Thread 0x000001ffe4e20800 nmethod 2874 0x000001ffd6a13210 code [0x000001ffd6a133c0, 0x000001ffd6a134f8]
Event: 21.384 Thread 0x000001ffe4e20800 2875 %     3       org.testng.internal.Utils::escapeHtml @ 16 (79 bytes)
Event: 21.386 Thread 0x000001ffe4e20800 nmethod 2875% 0x000001ffcf9ba510 code [0x000001ffcf9ba860, 0x000001ffcf9bbe10]
Event: 21.386 Thread 0x000001ffe4e20800 2876       3       org.testng.internal.Utils::escapeHtml (79 bytes)
Event: 21.390 Thread 0x000001ffe4e20800 nmethod 2876 0x000001ffcf9bc610 code [0x000001ffcf9bc960, 0x000001ffcf9bde30]
Event: 21.393 Thread 0x000001ffe4e20800 2877       3       org.testng.remote.RemoteTestNG::isDebug (20 bytes)
Event: 21.394 Thread 0x000001ffe4e20800 nmethod 2877 0x000001ffcf9be590 code [0x000001ffcf9be7c0, 0x000001ffcf9beee0]
Event: 21.395 Thread 0x000001ffe4e20800 2878       3       java.util.Formatter$FormatSpecifier::printString (107 bytes)
Event: 21.398 Thread 0x000001ffe4e20800 nmethod 2878 0x000001ffcf9bf110 code [0x000001ffcf9bf440, 0x000001ffcf9c06d0]

GC Heap History (6 events):
Event: 2.193 GC heap before
{Heap before GC invocations=0 (full 0):
 garbage-first heap   total 129024K, used 13312K [0x0000000082000000, 0x0000000100000000)
  region size 1024K, 14 young (14336K), 0 survivors (0K)
 Metaspace       used 6065K, capacity 6898K, committed 7168K, reserved 1056768K
  class space    used 647K, capacity 705K, committed 768K, reserved 1048576K
}
Event: 2.207 GC heap after
{Heap after GC invocations=1 (full 0):
 garbage-first heap   total 129024K, used 2975K [0x0000000082000000, 0x0000000100000000)
  region size 1024K, 2 young (2048K), 2 survivors (2048K)
 Metaspace       used 6065K, capacity 6898K, committed 7168K, reserved 1056768K
  class space    used 647K, capacity 705K, committed 768K, reserved 1048576K
}
Event: 2.759 GC heap before
{Heap before GC invocations=1 (full 0):
 garbage-first heap   total 129024K, used 13215K [0x0000000082000000, 0x0000000100000000)
  region size 1024K, 12 young (12288K), 2 survivors (2048K)
 Metaspace       used 6395K, capacity 7066K, committed 7168K, reserved 1056768K
  class space    used 658K, capacity 738K, committed 768K, reserved 1048576K
}
Event: 2.765 GC heap after
{Heap after GC invocations=2 (full 0):
 garbage-first heap   total 129024K, used 4318K [0x0000000082000000, 0x0000000100000000)
  region size 1024K, 2 young (2048K), 2 survivors (2048K)
 Metaspace       used 6395K, capacity 7066K, committed 7168K, reserved 1056768K
  class space    used 658K, capacity 738K, committed 768K, reserved 1048576K
}
Event: 3.323 GC heap before
{Heap before GC invocations=2 (full 0):
 garbage-first heap   total 129024K, used 35038K [0x0000000082000000, 0x0000000100000000)
  region size 1024K, 32 young (32768K), 2 survivors (2048K)
 Metaspace       used 6793K, capacity 7387K, committed 7424K, reserved 1056768K
  class space    used 674K, capacity 738K, committed 768K, reserved 1048576K
}
Event: 3.331 GC heap after
{Heap after GC invocations=3 (full 0):
 garbage-first heap   total 129024K, used 7078K [0x0000000082000000, 0x0000000100000000)
  region size 1024K, 4 young (4096K), 4 survivors (4096K)
 Metaspace       used 6793K, capacity 7387K, committed 7424K, reserved 1056768K
  class space    used 674K, capacity 738K, committed 768K, reserved 1048576K
}

Deoptimization events (10 events):
Event: 12.094 Thread 0x000001ffe6bcc000 Uncommon trap: reason=profile_predicate action=maybe_recompile pc=0x000001ffd69ee778 method=java.lang.Class.searchMethods([Ljava/lang/reflect/Method;Ljava/lang/String;[Ljava/lang/Class;)Ljava/lang/reflect/Method; @ 22 c2
Event: 12.094 Thread 0x000001ffe6bcc000 Uncommon trap: reason=profile_predicate action=maybe_recompile pc=0x000001ffd69ee778 method=java.lang.Class.searchMethods([Ljava/lang/reflect/Method;Ljava/lang/String;[Ljava/lang/Class;)Ljava/lang/reflect/Method; @ 22 c2
Event: 12.094 Thread 0x000001ffe6bcc000 Uncommon trap: reason=profile_predicate action=maybe_recompile pc=0x000001ffd69ee778 method=java.lang.Class.searchMethods([Ljava/lang/reflect/Method;Ljava/lang/String;[Ljava/lang/Class;)Ljava/lang/reflect/Method; @ 22 c2
Event: 12.094 Thread 0x000001ffe6bcc000 Uncommon trap: reason=profile_predicate action=maybe_recompile pc=0x000001ffd69ee778 method=java.lang.Class.searchMethods([Ljava/lang/reflect/Method;Ljava/lang/String;[Ljava/lang/Class;)Ljava/lang/reflect/Method; @ 22 c2
Event: 18.391 Thread 0x000001ffe69f6800 Uncommon trap: reason=unstable_if action=reinterpret pc=0x000001ffd6a053f8 method=java.lang.Character.valueOf(C)Ljava/lang/Character; @ 3 c2
Event: 18.754 Thread 0x000001ffe69f6800 Uncommon trap: reason=unstable_if action=reinterpret pc=0x000001ffd6970b2c method=java.lang.String.codePointAt(I)I @ 4 c2
Event: 20.087 Thread 0x000001ffe69f6800 Uncommon trap: reason=bimorphic_or_optimized_type_check action=maybe_recompile pc=0x000001ffd6a0b44c method=java.util.regex.Pattern$BmpCharPredicate.lambda$union$2(Ljava/util/regex/Pattern$CharPredicate;I)Z @ 2 c2
Event: 20.087 Thread 0x000001ffe69f6800 Uncommon trap: reason=bimorphic_or_optimized_type_check action=maybe_recompile pc=0x000001ffd6a0b44c method=java.util.regex.Pattern$BmpCharPredicate.lambda$union$2(Ljava/util/regex/Pattern$CharPredicate;I)Z @ 2 c2
Event: 20.087 Thread 0x000001ffe69f6800 Uncommon trap: reason=bimorphic_or_optimized_type_check action=maybe_recompile pc=0x000001ffd6a0b44c method=java.util.regex.Pattern$BmpCharPredicate.lambda$union$2(Ljava/util/regex/Pattern$CharPredicate;I)Z @ 2 c2
Event: 20.087 Thread 0x000001ffe69f6800 Uncommon trap: reason=bimorphic_or_optimized_type_check action=maybe_recompile pc=0x000001ffd6a0b44c method=java.util.regex.Pattern$BmpCharPredicate.lambda$union$2(Ljava/util/regex/Pattern$CharPredicate;I)Z @ 2 c2

Classes redefined (0 events):
No events

Internal exceptions (10 events):
Event: 12.170 Thread 0x000001ffe6615800 Exception <a 'java/net/SocketTimeoutException'{0x0000000086eb7a68}: Read timed out> (0x0000000086eb7a68) thrown at [t:/workspace/open/src/hotspot/share/prims/jni.cpp, line 636]
Event: 12.542 Thread 0x000001ffe684d000 Exception <a 'java/net/SocketTimeoutException'{0x0000000086d1de98}: Read timed out> (0x0000000086d1de98) thrown at [t:/workspace/open/src/hotspot/share/prims/jni.cpp, line 636]
Event: 12.675 Thread 0x000001ffe684d000 Exception <a 'java/net/SocketTimeoutException'{0x0000000086d33450}: Read timed out> (0x0000000086d33450) thrown at [t:/workspace/open/src/hotspot/share/prims/jni.cpp, line 636]
Event: 14.590 Thread 0x000001ffe6ffc800 Exception <a 'java/net/SocketTimeoutException'{0x00000000870f3fa0}: Read timed out> (0x00000000870f3fa0) thrown at [t:/workspace/open/src/hotspot/share/prims/jni.cpp, line 636]
Event: 14.666 Thread 0x000001ffe6ffc800 Exception <a 'java/net/SocketTimeoutException'{0x0000000086d89fb0}: Read timed out> (0x0000000086d89fb0) thrown at [t:/workspace/open/src/hotspot/share/prims/jni.cpp, line 636]
Event: 18.066 Thread 0x000001ffe69f6800 Exception <a 'java/lang/ClassNotFoundException'{0x00000000872f4d00}: sun/misc/SharedSecrets> (0x00000000872f4d00) thrown at [t:/workspace/open/src/hotspot/share/classfile/systemDictionary.cpp, line 235]
Event: 18.066 Thread 0x000001ffe69f6800 Exception <a 'java/lang/reflect/InvocationTargetException'{0x00000000872f5278}> (0x00000000872f5278) thrown at [t:/workspace/open/src/hotspot/share/runtime/reflection.cpp, line 1183]
Event: 19.525 Thread 0x000001ffe687b800 Exception <a 'java/net/SocketTimeoutException'{0x000000008870ec60}: connect timed out> (0x000000008870ec60) thrown at [t:/workspace/open/src/hotspot/share/prims/jni.cpp, line 636]
Event: 20.038 Thread 0x000001ffe687b800 Exception <a 'java/net/SocketTimeoutException'{0x000000008870fb58}: connect timed out> (0x000000008870fb58) thrown at [t:/workspace/open/src/hotspot/share/prims/jni.cpp, line 636]
Event: 21.283 Thread 0x000001ffe69f6800 Exception <a 'java/lang/reflect/InvocationTargetException'{0x000000008651a1f0}> (0x000000008651a1f0) thrown at [t:/workspace/open/src/hotspot/share/runtime/reflection.cpp, line 1183]

Events (10 events):
Event: 20.087 Thread 0x000001ffe69f6800 DEOPT UNPACKING pc=0x000001ffcee69baf sp=0x0000001e8c9fc498 mode 2
Event: 20.087 Thread 0x000001ffe69f6800 Uncommon trap: trap_request=0xffffffc6 fr.pc=0x000001ffd6a0b44c relative=0x00000000000002ec
Event: 20.087 Thread 0x000001ffe69f6800 DEOPT PACKING pc=0x000001ffd6a0b44c sp=0x0000001e8c9fc570
Event: 20.087 Thread 0x000001ffe69f6800 DEOPT UNPACKING pc=0x000001ffcee69baf sp=0x0000001e8c9fc498 mode 2
Event: 21.287 Thread 0x000001ffe69f6800 DEOPT PACKING pc=0x000001ffcf6f2f27 sp=0x0000001e8c9fe4b0
Event: 21.287 Thread 0x000001ffe69f6800 DEOPT UNPACKING pc=0x000001ffcee699ce sp=0x0000001e8c9fd9d8 mode 0
Event: 21.311 Executing VM operation: BulkRevokeBias
Event: 21.313 Executing VM operation: BulkRevokeBias done
Event: 21.365 Thread 0x000001ffe69f6800 DEOPT PACKING pc=0x000001ffcf896d8f sp=0x0000001e8c9fe400
Event: 21.365 Thread 0x000001ffe69f6800 DEOPT UNPACKING pc=0x000001ffcee699ce sp=0x0000001e8c9fd978 mode 0


Dynamic libraries:
0x00007ff75fa40000 - 0x00007ff75fa4f000 	C:\Program Files\Java\jdk-12.0.1\bin\javaw.exe
0x00007ff9f19c0000 - 0x00007ff9f1ba1000 	C:\windows\SYSTEM32\ntdll.dll
0x00007ff9f1640000 - 0x00007ff9f16f1000 	C:\windows\System32\KERNEL32.DLL
0x00007ff9ee4a0000 - 0x00007ff9ee713000 	C:\windows\System32\KERNELBASE.dll
0x00007ff9ee720000 - 0x00007ff9ee818000 	C:\windows\System32\ucrtbase.dll
0x00007ff9e6f80000 - 0x00007ff9e6f98000 	C:\Program Files\Java\jdk-12.0.1\bin\jli.dll
0x00007ff9f0f90000 - 0x00007ff9f1031000 	C:\windows\System32\ADVAPI32.dll
0x00007ff9f1700000 - 0x00007ff9f179e000 	C:\windows\System32\msvcrt.dll
0x00007ff9f07f0000 - 0x00007ff9f084b000 	C:\windows\System32\sechost.dll
0x00007ff9f0e60000 - 0x00007ff9f0f84000 	C:\windows\System32\RPCRT4.dll
0x00007ff9eee60000 - 0x00007ff9eeff0000 	C:\windows\System32\USER32.dll
0x00007ff9ee820000 - 0x00007ff9ee840000 	C:\windows\System32\win32u.dll
0x00007ff9f1040000 - 0x00007ff9f1068000 	C:\windows\System32\GDI32.dll
0x00007ff9eea40000 - 0x00007ff9eebd1000 	C:\windows\System32\gdi32full.dll
0x00007ff9ee9a0000 - 0x00007ff9eea3f000 	C:\windows\System32\msvcp_win.dll
0x00007ff9e6ea0000 - 0x00007ff9e6eb6000 	C:\Program Files\Java\jdk-12.0.1\bin\VCRUNTIME140.dll
0x00007ff9e3be0000 - 0x00007ff9e3e49000 	C:\windows\WinSxS\amd64_microsoft.windows.common-controls_6595b64144ccf1df_6.0.17134.829_none_fb46a5473061b9d5\COMCTL32.dll
0x00007ff9f0990000 - 0x00007ff9f0cb2000 	C:\windows\System32\combase.dll
0x00007ff9eebe0000 - 0x00007ff9eec5a000 	C:\windows\System32\bcryptPrimitives.dll
0x00007ff9e9310000 - 0x00007ff9e931a000 	C:\windows\SYSTEM32\VERSION.dll
0x00007ff9f17a0000 - 0x00007ff9f17cd000 	C:\windows\System32\IMM32.DLL
0x00007ff9e2250000 - 0x00007ff9e22fa000 	C:\Program Files\Java\jdk-12.0.1\bin\msvcp140.dll
0x00007ff9acac0000 - 0x00007ff9ad634000 	C:\Program Files\Java\jdk-12.0.1\bin\server\jvm.dll
0x00007ff9eee50000 - 0x00007ff9eee58000 	C:\windows\System32\PSAPI.DLL
0x00007ff9e62f0000 - 0x00007ff9e62f9000 	C:\windows\SYSTEM32\WSOCK32.dll
0x00007ff9e57f0000 - 0x00007ff9e5813000 	C:\windows\SYSTEM32\WINMM.dll
0x00007ff9f0920000 - 0x00007ff9f098c000 	C:\windows\System32\WS2_32.dll
0x00007ff9e57c0000 - 0x00007ff9e57ea000 	C:\windows\SYSTEM32\winmmbase.dll
0x00007ff9ee8a0000 - 0x00007ff9ee8e9000 	C:\windows\System32\cfgmgr32.dll
0x00007ff9edd50000 - 0x00007ff9edd61000 	C:\windows\System32\kernel.appcore.dll
0x00007ff9d8730000 - 0x00007ff9d8741000 	C:\Program Files\Java\jdk-12.0.1\bin\verify.dll
0x00007ff9e89d0000 - 0x00007ff9e8b99000 	C:\windows\SYSTEM32\DBGHELP.DLL
0x00007ff9e8950000 - 0x00007ff9e8979000 	C:\windows\SYSTEM32\dbgcore.DLL
0x00007ff9d7f90000 - 0x00007ff9d7fb6000 	C:\Program Files\Java\jdk-12.0.1\bin\java.dll
0x00007ff9d7c30000 - 0x00007ff9d7c47000 	C:\Program Files\Java\jdk-12.0.1\bin\zip.dll
0x00007ff9e2780000 - 0x00007ff9e278a000 	C:\Program Files\Java\jdk-12.0.1\bin\jimage.dll
0x00007ff9ef270000 - 0x00007ff9f06b0000 	C:\windows\System32\SHELL32.dll
0x00007ff9f0710000 - 0x00007ff9f07b9000 	C:\windows\System32\shcore.dll
0x00007ff9edd90000 - 0x00007ff9ee49d000 	C:\windows\System32\windows.storage.dll
0x00007ff9ef0e0000 - 0x00007ff9ef131000 	C:\windows\System32\shlwapi.dll
0x00007ff9edce0000 - 0x00007ff9edcff000 	C:\windows\System32\profapi.dll
0x00007ff9edd00000 - 0x00007ff9edd4c000 	C:\windows\System32\powrprof.dll
0x00007ff9edcd0000 - 0x00007ff9edcda000 	C:\windows\System32\FLTLIB.DLL
0x00007ff9d7c10000 - 0x00007ff9d7c29000 	C:\Program Files\Java\jdk-12.0.1\bin\net.dll
0x00007ff9e42c0000 - 0x00007ff9e4489000 	C:\windows\SYSTEM32\urlmon.dll
0x00007ff9e9500000 - 0x00007ff9e95dd000 	C:\windows\SYSTEM32\WINHTTP.dll
0x00007ff9e4010000 - 0x00007ff9e42b6000 	C:\windows\SYSTEM32\iertutil.dll
0x00007ff9ed660000 - 0x00007ff9ed66b000 	C:\windows\SYSTEM32\CRYPTBASE.DLL
0x00007ff9ed500000 - 0x00007ff9ed566000 	C:\windows\system32\mswsock.dll
0x00007ff9d7970000 - 0x00007ff9d7983000 	C:\Program Files\Java\jdk-12.0.1\bin\nio.dll
0x00007ff9ed2e0000 - 0x00007ff9ed39e000 	C:\windows\SYSTEM32\DNSAPI.dll
0x00007ff9f07c0000 - 0x00007ff9f07c8000 	C:\windows\System32\NSI.dll
0x00007ff9ed2a0000 - 0x00007ff9ed2d8000 	C:\windows\SYSTEM32\IPHLPAPI.DLL
0x00007ff9e4d30000 - 0x00007ff9e4d3a000 	C:\Windows\System32\rasadhlp.dll
0x00007ff9e9da0000 - 0x00007ff9e9e12000 	C:\windows\System32\fwpuclnt.dll
0x00007ff9ed860000 - 0x00007ff9ed885000 	C:\windows\SYSTEM32\bcrypt.dll
0x00007ff9eda30000 - 0x00007ff9eda47000 	C:\windows\SYSTEM32\CRYPTSP.dll
0x00007ff9ed100000 - 0x00007ff9ed133000 	C:\windows\system32\rsaenh.dll
0x00007ff9edbd0000 - 0x00007ff9edbf8000 	C:\windows\SYSTEM32\USERENV.dll
0x00007ff9e9d80000 - 0x00007ff9e9d96000 	C:\windows\SYSTEM32\dhcpcsvc6.DLL
0x00007ff9e9cc0000 - 0x00007ff9e9cda000 	C:\windows\SYSTEM32\dhcpcsvc.DLL
0x00007ff9d11d0000 - 0x00007ff9d11f7000 	C:\Program Files\Java\jdk-12.0.1\bin\sunec.dll
0x00007ff9e24a0000 - 0x00007ff9e24ae000 	C:\Program Files\Java\jdk-12.0.1\bin\sunmscapi.dll
0x00007ff9eec60000 - 0x00007ff9eee42000 	C:\windows\System32\CRYPT32.dll
0x00007ff9edd70000 - 0x00007ff9edd82000 	C:\windows\System32\MSASN1.dll
0x00007ff9ed740000 - 0x00007ff9ed766000 	C:\windows\SYSTEM32\ncrypt.dll
0x00007ff9ed700000 - 0x00007ff9ed736000 	C:\windows\SYSTEM32\NTASN1.dll
0x00007ff9d6bb0000 - 0x00007ff9d6bc6000 	C:\windows\system32\napinsp.dll
0x00007ff9d6bd0000 - 0x00007ff9d6bea000 	C:\windows\system32\pnrpnsp.dll
0x00007ff9e8e60000 - 0x00007ff9e8e79000 	C:\windows\system32\NLAapi.dll
0x00007ff9d6e20000 - 0x00007ff9d6e2e000 	C:\windows\System32\winrnr.dll
0x00007ff9e9950000 - 0x00007ff9e9965000 	C:\windows\System32\wshbth.dll

dbghelp: loaded successfully - version: 4.0.5 - missing functions: none
symbol engine: initialized successfully - sym options: 0x614 - pdb path: .;C:\Program Files\Java\jdk-12.0.1\bin;C:\windows\SYSTEM32;C:\windows\WinSxS\amd64_microsoft.windows.common-controls_6595b64144ccf1df_6.0.17134.829_none_fb46a5473061b9d5;C:\Program Files\Java\jdk-12.0.1\bin\server

VM Arguments:
jvm_args: -ea -Dfile.encoding=Cp1252 
java_command: org.testng.remote.RemoteTestNG -serport 50771 -protocol json -d C:\SeleniumProject\test-output C:\SeleniumProject\RunAllTestsSATChrome.xml
java_class_path (initial): C:\Users\krkl\eclipse\java-2019-03\eclipse\configuration\org.eclipse.osgi\492\0\.cp\lib\testng-remote.jar;C:\SeleniumProject\bin;C:\Users\krkl\.p2\pool\plugins\org.testng_6.14.3.r201802240500.jar;C:\Users\krkl\.p2\pool\plugins\com.beust.jcommander_1.72.0.jar;C:\Users\krkl\.p2\pool\plugins\org.apache-extras.beanshell.bsh_2.0.0.b6.jar;C:\Users\krkl\.p2\pool\plugins\org.yaml.snakeyaml_1.17.0.jar;C:\Selenium\selenium-java-3.141.59\libs\byte-buddy-1.8.15.jar;C:\Selenium\selenium-java-3.141.59\libs\commons-exec-1.3.jar;C:\Selenium\selenium-java-3.141.59\libs\guava-25.0-jre.jar;C:\Selenium\selenium-java-3.141.59\libs\okhttp-3.11.0.jar;C:\Selenium\selenium-java-3.141.59\libs\okio-1.14.0.jar;C:\Selenium\selenium-java-3.141.59\client-combined-3.141.59.jar;C:\Selenium\selenium-java-3.141.59\client-combined-3.141.59-sources.jar
Launcher Type: SUN_STANDARD

[Global flags]
     intx CICompilerCount                          = 3                                         {product} {ergonomic}
     uint ConcGCThreads                            = 1                                         {product} {ergonomic}
     uint G1ConcRefinementThreads                  = 4                                         {product} {ergonomic}
   size_t G1HeapRegionSize                         = 1048576                                   {product} {ergonomic}
    uintx GCDrainStackTargetSize                   = 64                                        {product} {ergonomic}
   size_t InitialHeapSize                          = 132120576                                 {product} {ergonomic}
   size_t MarkStackSize                            = 4194304                                   {product} {ergonomic}
   size_t MaxHeapSize                              = 2113929216                                {product} {ergonomic}
   size_t MaxNewSize                               = 1267728384                                {product} {ergonomic}
   size_t MinHeapDeltaBytes                        = 1048576                                   {product} {ergonomic}
    uintx NonNMethodCodeHeapSize                   = 5830732                                {pd product} {ergonomic}
    uintx NonProfiledCodeHeapSize                  = 122913754                              {pd product} {ergonomic}
    uintx ProfiledCodeHeapSize                     = 122913754                              {pd product} {ergonomic}
    uintx ReservedCodeCacheSize                    = 251658240                              {pd product} {ergonomic}
     bool SegmentedCodeCache                       = true                                      {product} {ergonomic}
     bool UseCompressedClassPointers               = true                                 {lp64_product} {ergonomic}
     bool UseCompressedOops                        = true                                 {lp64_product} {ergonomic}
     bool UseG1GC                                  = true                                      {product} {ergonomic}
     bool UseLargePagesIndividualAllocation        = false                                  {pd product} {ergonomic}

Logging:
Log output configuration:
 #0: stdout all=warning uptime,level,tags
 #1: stderr all=off uptime,level,tags

Environment Variables:
JAVA_HOME=C:\Program Files\Java\jdk-12.0.1
PATH=C:/Program Files/Java/jdk-12.0.1/bin/server;C:/Program Files/Java/jdk-12.0.1/bin;C:\Program Files (x86)\Intel\iCLS Client\;C:\Program Files\Intel\iCLS Client\;C:\windows\system32;C:\windows;C:\windows\System32\Wbem;C:\windows\System32\WindowsPowerShell\v1.0\;C:\windows\System32\OpenSSH\;C:\Program Files\Intel\WiFi\bin\;C:\Program Files\Common Files\Intel\WirelessCommon\;C:\Program Files (x86)\Intel\Intel(R) Management Engine Components\DAL;C:\Program Files\Intel\Intel(R) Management Engine Components\DAL;C:\Program Files (x86)\Intel\Intel(R) Management Engine Components\IPT;C:\Program Files\Intel\Intel(R) Management Engine Components\IPT;C:\Program Files\Git\cmd;C:\Program Files\Java\jdk-12.0.1\bin;C:\Selenium\chromedriver_win32;C:\Users\krkl\AppData\Local\Microsoft\WindowsApps;;C:\Users\krkl\Desktop;
USERNAME=KRKL
OS=Windows_NT
PROCESSOR_IDENTIFIER=Intel64 Family 6 Model 61 Stepping 4, GenuineIntel



---------------  S Y S T E M  ---------------

OS: Windows 10 , 64 bit Build 17134 (10.0.17134.753)

CPU:total 4 (initial active 4) (2 cores per cpu, 2 threads per core) family 6 model 61 stepping 4, cmov, cx8, fxsr, mmx, sse, sse2, sse3, ssse3, sse4.1, sse4.2, popcnt, avx, avx2, aes, clmul, erms, rtm, 3dnowpref, lzcnt, ht, tsc, tscinvbit, bmi1, bmi2, adx, fma

Memory: 4k page, system-wide physical 8062M (288M free)
TotalPageFile size 23110M (AvailPageFile size 2M)
current process WorkingSet (physical memory assigned to process): 133M, peak: 133M
current process commit charge ("private bytes"): 229M, peak: 232M

vm_info: Java HotSpot(TM) 64-Bit Server VM (12.0.1+12) for windows-amd64 JRE (12.0.1+12), built on Apr  2 2019 14:02:19 by "mach5one" with MS VC++ 15.5 (VS2017)

END.
